E:\JavaScript\node_modules\whatsapp-web.js\node_modules\puppeteer\lib\cjs\puppeteer\common\FrameManager.js:155
                    ? new Error(`${response.errorText} at ${url}`)
                      ^

Error: net::ERR_CONNECTION_CLOSED at https://web.whatsapp.com/
    at navigate (E:\JavaScript\node_modules\whatsapp-web.js\node_modules\puppeteer\lib\cjs\puppeteer\common\FrameManager.js:155:23)
    at processTicksAndRejections (node:internal/process/task_queues:96:5)
    at async FrameManager.navigateFrame (E:\JavaScript\node_modules\whatsapp-web.js\node_modules\puppeteer\lib\cjs\puppeteer\common\FrameManager.js:130:21)
    at async Frame.goto (E:\JavaScript\node_modules\whatsapp-web.js\node_modules\puppeteer\lib\cjs\puppeteer\common\FrameManager.js:501:16)
    at async Page.goto (E:\JavaScript\node_modules\whatsapp-web.js\node_modules\puppeteer\lib\cjs\puppeteer\common\Page.js:1167:16)
    at async Client.initialize (E:\JavaScript\node_modules\whatsapp-web.js\src\Client.js:104:9)
E:\JavaScript\node_modules\whatsapp-web.js\node_modules\puppeteer\lib\cjs\puppeteer\common\FrameManager.js:155
                    ? new Error(`${response.errorText} at ${url}`)
                      ^

Error: net::ERR_NAME_NOT_RESOLVED at https://web.whatsapp.com/
    at navigate (E:\JavaScript\node_modules\whatsapp-web.js\node_modules\puppeteer\lib\cjs\puppeteer\common\FrameManager.js:155:23)
    at processTicksAndRejections (node:internal/process/task_queues:96:5)
    at async FrameManager.navigateFrame (E:\JavaScript\node_modules\whatsapp-web.js\node_modules\puppeteer\lib\cjs\puppeteer\common\FrameManager.js:130:21)
    at async Frame.goto (E:\JavaScript\node_modules\whatsapp-web.js\node_modules\puppeteer\lib\cjs\puppeteer\common\FrameManager.js:501:16)
    at async Page.goto (E:\JavaScript\node_modules\whatsapp-web.js\node_modules\puppeteer\lib\cjs\puppeteer\common\Page.js:1167:16)
    at async Client.initialize (E:\JavaScript\node_modules\whatsapp-web.js\src\Client.js:104:9)
